<?xml version="1.0" encoding="UTF-8"?>
<!-- Generated by org.testng.reporters.JUnitXMLReporter -->
<testsuite ignored="0" hostname="GK" failures="0" tests="4" name="PlanitTest" time="21.574" errors="0" timestamp="2021-04-09T12:52:32 BST">
  <testcase classname="tests.ContactTest" name="verifyContact" time="1.686"/>
  <testcase classname="tests.ContactTest" name="verifyContactInvalidData" time="2.411"/>
  <testcase classname="tests.ContactTest" name="verifyCart" time="5.609"/>
  <testcase classname="tests.ContactTest" name="verifyContactSubmit" time="7.018"/>
</testsuite> <!-- PlanitTest -->
