<?xml version="1.0" encoding="UTF-8"?>
<!-- Generated by org.testng.reporters.JUnitXMLReporter -->
<testsuite ignored="0" hostname="GK" failures="0" tests="4" name="PlanitTest" time="8.326" errors="0" timestamp="2021-04-10T13:00:01 BST">
  <testcase classname="tests.ContactTest" name="verifyContact" time="0.855"/>
  <testcase classname="tests.ContactTest" name="verifyContactInvalidData" time="0.388"/>
  <testcase classname="tests.ContactTest" name="verifyCart" time="0.633"/>
  <testcase classname="tests.ContactTest" name="verifyContactSubmit" time="1.62"/>
</testsuite> <!-- PlanitTest -->
