<?xml version="1.0" encoding="UTF-8"?>
<testng-results ignored="0" total="4" passed="4" failed="0" skipped="0">
  <reporter-output>
  </reporter-output>
  <suite started-at="2021-04-10T12:59:53 BST" name="Suite1" finished-at="2021-04-10T13:00:01 BST" duration-ms="8326">
    <groups>
    </groups>
    <test started-at="2021-04-10T12:59:53 BST" name="PlanitTest" finished-at="2021-04-10T13:00:01 BST" duration-ms="8326">
      <class name="tests.ContactTest">
        <test-method is-config="true" signature="initDriver(java.lang.String)[pri:0, instance:tests.ContactTest@6b8ca3c8]" started-at="2021-04-10T12:59:53 BST" name="initDriver" finished-at="2021-04-10T12:59:55 BST" duration-ms="2055" status="PASS">
          <params>
            <param index="0">
              <value>
                <![CDATA[chrome]]>
              </value>
            </param>
          </params>
          <reporter-output>
          </reporter-output>
        </test-method> <!-- initDriver -->
        <test-method is-config="true" signature="launchApp()[pri:0, instance:tests.ContactTest@6b8ca3c8]" started-at="2021-04-10T12:59:55 BST" name="launchApp" finished-at="2021-04-10T12:59:57 BST" duration-ms="1973" status="PASS">
          <reporter-output>
          </reporter-output>
        </test-method> <!-- launchApp -->
        <test-method signature="verifyContact()[pri:0, instance:tests.ContactTest@6b8ca3c8]" started-at="2021-04-10T12:59:57 BST" name="verifyContact" finished-at="2021-04-10T12:59:58 BST" duration-ms="855" status="PASS">
          <reporter-output>
          </reporter-output>
        </test-method> <!-- verifyContact -->
        <test-method is-config="true" signature="launchApp()[pri:0, instance:tests.ContactTest@6b8ca3c8]" started-at="2021-04-10T12:59:58 BST" name="launchApp" finished-at="2021-04-10T12:59:58 BST" duration-ms="19" status="PASS">
          <reporter-output>
          </reporter-output>
        </test-method> <!-- launchApp -->
        <test-method signature="verifyContactInvalidData()[pri:1, instance:tests.ContactTest@6b8ca3c8]" started-at="2021-04-10T12:59:58 BST" name="verifyContactInvalidData" finished-at="2021-04-10T12:59:58 BST" duration-ms="388" status="PASS">
          <reporter-output>
          </reporter-output>
        </test-method> <!-- verifyContactInvalidData -->
        <test-method is-config="true" signature="launchApp()[pri:0, instance:tests.ContactTest@6b8ca3c8]" started-at="2021-04-10T12:59:58 BST" name="launchApp" finished-at="2021-04-10T12:59:58 BST" duration-ms="14" status="PASS">
          <reporter-output>
          </reporter-output>
        </test-method> <!-- launchApp -->
        <test-method signature="verifyCart()[pri:2, instance:tests.ContactTest@6b8ca3c8]" started-at="2021-04-10T12:59:58 BST" name="verifyCart" finished-at="2021-04-10T12:59:59 BST" duration-ms="633" status="PASS">
          <reporter-output>
          </reporter-output>
        </test-method> <!-- verifyCart -->
        <test-method is-config="true" signature="launchApp()[pri:0, instance:tests.ContactTest@6b8ca3c8]" started-at="2021-04-10T12:59:59 BST" name="launchApp" finished-at="2021-04-10T12:59:59 BST" duration-ms="14" status="PASS">
          <reporter-output>
          </reporter-output>
        </test-method> <!-- launchApp -->
        <test-method signature="verifyContactSubmit()[pri:3, instance:tests.ContactTest@6b8ca3c8]" started-at="2021-04-10T12:59:59 BST" name="verifyContactSubmit" finished-at="2021-04-10T13:00:00 BST" duration-ms="1620" status="PASS">
          <reporter-output>
          </reporter-output>
        </test-method> <!-- verifyContactSubmit -->
        <test-method is-config="true" signature="cleanUp()[pri:0, instance:tests.ContactTest@6b8ca3c8]" started-at="2021-04-10T13:00:00 BST" name="cleanUp" finished-at="2021-04-10T13:00:01 BST" duration-ms="694" status="PASS">
          <reporter-output>
          </reporter-output>
        </test-method> <!-- cleanUp -->
      </class> <!-- tests.ContactTest -->
    </test> <!-- PlanitTest -->
  </suite> <!-- Suite1 -->
</testng-results>
