<?xml version="1.0" encoding="UTF-8"?>
<testng-results ignored="0" total="4" passed="4" failed="0" skipped="0">
  <reporter-output>
  </reporter-output>
  <suite started-at="2021-04-09T12:52:10 BST" name="Suite1" finished-at="2021-04-09T12:52:32 BST" duration-ms="21574">
    <groups>
    </groups>
    <test started-at="2021-04-09T12:52:10 BST" name="PlanitTest" finished-at="2021-04-09T12:52:32 BST" duration-ms="21574">
      <class name="tests.ContactTest">
        <test-method is-config="true" signature="initDriver(java.lang.String)[pri:0, instance:tests.ContactTest@6b8ca3c8]" started-at="2021-04-09T12:52:10 BST" name="initDriver" finished-at="2021-04-09T12:52:12 BST" duration-ms="1983" status="PASS">
          <params>
            <param index="0">
              <value>
                <![CDATA[chrome]]>
              </value>
            </param>
          </params>
          <reporter-output>
          </reporter-output>
        </test-method> <!-- initDriver -->
        <test-method is-config="true" signature="launchApp()[pri:0, instance:tests.ContactTest@6b8ca3c8]" started-at="2021-04-09T12:52:12 BST" name="launchApp" finished-at="2021-04-09T12:52:14 BST" duration-ms="2086" status="PASS">
          <reporter-output>
          </reporter-output>
        </test-method> <!-- launchApp -->
        <test-method signature="verifyContact()[pri:0, instance:tests.ContactTest@6b8ca3c8]" started-at="2021-04-09T12:52:14 BST" name="verifyContact" finished-at="2021-04-09T12:52:16 BST" duration-ms="1686" status="PASS">
          <reporter-output>
          </reporter-output>
        </test-method> <!-- verifyContact -->
        <test-method is-config="true" signature="launchApp()[pri:0, instance:tests.ContactTest@6b8ca3c8]" started-at="2021-04-09T12:52:16 BST" name="launchApp" finished-at="2021-04-09T12:52:16 BST" duration-ms="20" status="PASS">
          <reporter-output>
          </reporter-output>
        </test-method> <!-- launchApp -->
        <test-method signature="verifyContactInvalidData()[pri:1, instance:tests.ContactTest@6b8ca3c8]" started-at="2021-04-09T12:52:16 BST" name="verifyContactInvalidData" finished-at="2021-04-09T12:52:18 BST" duration-ms="2411" status="PASS">
          <reporter-output>
          </reporter-output>
        </test-method> <!-- verifyContactInvalidData -->
        <test-method is-config="true" signature="launchApp()[pri:0, instance:tests.ContactTest@6b8ca3c8]" started-at="2021-04-09T12:52:18 BST" name="launchApp" finished-at="2021-04-09T12:52:18 BST" duration-ms="19" status="PASS">
          <reporter-output>
          </reporter-output>
        </test-method> <!-- launchApp -->
        <test-method signature="verifyCart()[pri:2, instance:tests.ContactTest@6b8ca3c8]" started-at="2021-04-09T12:52:18 BST" name="verifyCart" finished-at="2021-04-09T12:52:24 BST" duration-ms="5609" status="PASS">
          <reporter-output>
          </reporter-output>
        </test-method> <!-- verifyCart -->
        <test-method is-config="true" signature="launchApp()[pri:0, instance:tests.ContactTest@6b8ca3c8]" started-at="2021-04-09T12:52:24 BST" name="launchApp" finished-at="2021-04-09T12:52:24 BST" duration-ms="11" status="PASS">
          <reporter-output>
          </reporter-output>
        </test-method> <!-- launchApp -->
        <test-method signature="verifyContactSubmit()[pri:3, instance:tests.ContactTest@6b8ca3c8]" started-at="2021-04-09T12:52:24 BST" name="verifyContactSubmit" finished-at="2021-04-09T12:52:31 BST" duration-ms="7018" status="PASS">
          <reporter-output>
          </reporter-output>
        </test-method> <!-- verifyContactSubmit -->
        <test-method is-config="true" signature="cleanUp()[pri:0, instance:tests.ContactTest@6b8ca3c8]" started-at="2021-04-09T12:52:31 BST" name="cleanUp" finished-at="2021-04-09T12:52:32 BST" duration-ms="683" status="PASS">
          <reporter-output>
          </reporter-output>
        </test-method> <!-- cleanUp -->
      </class> <!-- tests.ContactTest -->
    </test> <!-- PlanitTest -->
  </suite> <!-- Suite1 -->
</testng-results>
